<?xml version="1.0" encoding="UTF-8"?>
<testng-results skipped="0" failed="0" total="1" passed="1">
  <reporter-output>
  </reporter-output>
  <suite name="Default suite" duration-ms="40588" started-at="2021-06-10T03:45:01Z" finished-at="2021-06-10T03:45:42Z">
    <groups>
    </groups>
    <test name="Default test" duration-ms="40588" started-at="2021-06-10T03:45:01Z" finished-at="2021-06-10T03:45:42Z">
      <class name="stock.stocktypetransfer">
        <test-method status="PASS" signature="Loadlogfile()[pri:0, instance:stock.stocktypetransfer@369f73a2]" name="Loadlogfile" is-config="true" duration-ms="122" started-at="2021-06-10T09:15:01Z" finished-at="2021-06-10T09:15:01Z">
          <reporter-output>
          </reporter-output>
        </test-method> <!-- Loadlogfile -->
        <test-method status="PASS" signature="getBrowser()[pri:0, instance:stock.stocktypetransfer@369f73a2]" name="getBrowser" is-config="true" duration-ms="22933" started-at="2021-06-10T09:15:01Z" finished-at="2021-06-10T09:15:24Z">
          <reporter-output>
          </reporter-output>
        </test-method> <!-- getBrowser -->
        <test-method status="PASS" signature="LoadMethods()[pri:0, instance:stock.stocktypetransfer@369f73a2]" name="LoadMethods" is-config="true" duration-ms="308" started-at="2021-06-10T09:15:24Z" finished-at="2021-06-10T09:15:24Z">
          <reporter-output>
          </reporter-output>
        </test-method> <!-- LoadMethods -->
        <test-method status="PASS" signature="printStockPositionview()[pri:0, instance:stock.stocktypetransfer@369f73a2]" name="printStockPositionview" duration-ms="13960" started-at="2021-06-10T09:15:24Z" finished-at="2021-06-10T09:15:38Z">
          <reporter-output>
          </reporter-output>
        </test-method> <!-- printStockPositionview -->
        <test-method status="PASS" signature="Logout()[pri:0, instance:stock.stocktypetransfer@369f73a2]" name="Logout" is-config="true" duration-ms="3350" started-at="2021-06-10T09:15:38Z" finished-at="2021-06-10T09:15:42Z">
          <reporter-output>
          </reporter-output>
        </test-method> <!-- Logout -->
      </class> <!-- stock.stocktypetransfer -->
    </test> <!-- Default test -->
  </suite> <!-- Default suite -->
</testng-results>
