<?xml version="1.0" encoding="UTF-8"?>
<testng-results skipped="1" failed="0" total="1" passed="0">
  <reporter-output>
  </reporter-output>
  <suite name="Default suite" duration-ms="8091" started-at="2021-06-10T05:03:32Z" finished-at="2021-06-10T05:03:40Z">
    <groups>
    </groups>
    <test name="Default test" duration-ms="8091" started-at="2021-06-10T05:03:32Z" finished-at="2021-06-10T05:03:40Z">
      <class name="StockTestCases.Tc_Stock_001_StockBrowserDescriteBookStockVerificationtestCase">
        <test-method status="PASS" signature="Loadlogfile()[pri:0, instance:StockTestCases.Tc_Stock_001_StockBrowserDescriteBookStockVerificationtestCase@369f73a2]" name="Loadlogfile" is-config="true" duration-ms="83" started-at="2021-06-10T10:33:32Z" finished-at="2021-06-10T10:33:32Z">
          <reporter-output>
          </reporter-output>
        </test-method> <!-- Loadlogfile -->
        <test-method status="FAIL" signature="getBrowser()[pri:0, instance:StockTestCases.Tc_Stock_001_StockBrowserDescriteBookStockVerificationtestCase@369f73a2]" name="getBrowser" is-config="true" duration-ms="0" started-at="2021-06-10T10:33:32Z" finished-at="2021-06-10T10:33:32Z">
          <exception class="java.lang.NullPointerException">
            <full-stacktrace>
              <![CDATA[java.lang.NullPointerException
	at com.UBQGenericLib.Browser.getBrowser(Browser.java:94)
	at sun.reflect.NativeMethodAccessorImpl.invoke0(Native Method)
	at sun.reflect.NativeMethodAccessorImpl.invoke(Unknown Source)
	at sun.reflect.DelegatingMethodAccessorImpl.invoke(Unknown Source)
	at java.lang.reflect.Method.invoke(Unknown Source)
	at org.testng.internal.MethodInvocationHelper.invokeMethod(MethodInvocationHelper.java:86)
	at org.testng.internal.Invoker.invokeConfigurationMethod(Invoker.java:514)
	at org.testng.internal.Invoker.invokeConfigurations(Invoker.java:215)
	at org.testng.internal.Invoker.invokeConfigurations(Invoker.java:142)
	at org.testng.TestRunner.beforeRun(TestRunner.java:656)
	at org.testng.TestRunner.run(TestRunner.java:624)
	at org.testng.SuiteRunner.runTest(SuiteRunner.java:366)
	at org.testng.SuiteRunner.runSequentially(SuiteRunner.java:361)
	at org.testng.SuiteRunner.privateRun(SuiteRunner.java:319)
	at org.testng.SuiteRunner.run(SuiteRunner.java:268)
	at org.testng.SuiteRunnerWorker.runSuite(SuiteRunnerWorker.java:52)
	at org.testng.SuiteRunnerWorker.run(SuiteRunnerWorker.java:86)
	at org.testng.TestNG.runSuitesSequentially(TestNG.java:1244)
	at org.testng.TestNG.runSuitesLocally(TestNG.java:1169)
	at org.testng.TestNG.run(TestNG.java:1064)
	at org.testng.remote.AbstractRemoteTestNG.run(AbstractRemoteTestNG.java:132)
	at org.testng.remote.RemoteTestNG.initAndRun(RemoteTestNG.java:230)
	at org.testng.remote.RemoteTestNG.main(RemoteTestNG.java:76)
]]>
            </full-stacktrace>
          </exception> <!-- java.lang.NullPointerException -->
          <reporter-output>
          </reporter-output>
        </test-method> <!-- getBrowser -->
        <test-method status="SKIP" signature="LoadMethods()[pri:0, instance:StockTestCases.Tc_Stock_001_StockBrowserDescriteBookStockVerificationtestCase@369f73a2]" name="LoadMethods" is-config="true" duration-ms="0" started-at="2021-06-10T10:33:40Z" finished-at="2021-06-10T10:33:40Z">
          <reporter-output>
          </reporter-output>
        </test-method> <!-- LoadMethods -->
        <test-method status="SKIP" signature="StockBrowser()[pri:0, instance:StockTestCases.Tc_Stock_001_StockBrowserDescriteBookStockVerificationtestCase@369f73a2]" name="StockBrowser" duration-ms="4" started-at="2021-06-10T10:33:40Z" finished-at="2021-06-10T10:33:40Z">
          <reporter-output>
          </reporter-output>
        </test-method> <!-- StockBrowser -->
        <test-method status="SKIP" signature="Logout()[pri:0, instance:StockTestCases.Tc_Stock_001_StockBrowserDescriteBookStockVerificationtestCase@369f73a2]" name="Logout" is-config="true" duration-ms="0" started-at="2021-06-10T10:33:40Z" finished-at="2021-06-10T10:33:40Z">
          <reporter-output>
          </reporter-output>
        </test-method> <!-- Logout -->
      </class> <!-- StockTestCases.Tc_Stock_001_StockBrowserDescriteBookStockVerificationtestCase -->
    </test> <!-- Default test -->
  </suite> <!-- Default suite -->
</testng-results>
